
Symbol table '.symtab' contains 36 entries:
   Num:    Value  Size Type    Bind   Vis      Ndx Name
     0: 00000000     0 NOTYPE  LOCAL  DEFAULT  UND 
     1: 00000000     0 SECTION LOCAL  DEFAULT    1 
     2: 00000000     0 SECTION LOCAL  DEFAULT    2 
     3: 00000000     0 SECTION LOCAL  DEFAULT    3 
     4: 0202bcf0     0 NOTYPE  LOCAL  DEFAULT  ABS ChapterData
     5: 000000d4     0 NOTYPE  LOCAL  DEFAULT    1 lClassLevelUpTable
     6: 000000d4     0 NOTYPE  LOCAL  DEFAULT    1 EALiterals
     7: 000000d8     0 NOTYPE  LOCAL  DEFAULT    1 lCharLevelUpTable
     8: 00000014     0 NOTYPE  LOCAL  DEFAULT  ABS PROMOTION_LEVEL_MAX
     9: 00000000     0 NOTYPE  LOCAL  DEFAULT    1 GetUnitLevelSkills
    10: 00000000     0 NOTYPE  LOCAL  DEFAULT    1 $t
    11: 00000008     0 NOTYPE  LOCAL  DEFAULT    1 check_char_skill
    12: 0000004c     0 NOTYPE  LOCAL  DEFAULT    1 end_char_skill
    13: 00000024     0 NOTYPE  LOCAL  DEFAULT    1 lop_char_skill
    14: 00000038     0 NOTYPE  LOCAL  DEFAULT    1 char_no_promoted
    15: 00000036     0 NOTYPE  LOCAL  DEFAULT    1 char_promoted_no_init
    16: 00000044     0 NOTYPE  LOCAL  DEFAULT    1 yes_char_skill
    17: 00000040     0 NOTYPE  LOCAL  DEFAULT    1 continue_char_skill
    18: 0000004c     0 NOTYPE  LOCAL  DEFAULT    1 check_class_skill
    19: 000000c4     0 NOTYPE  LOCAL  DEFAULT    1 end_class_skill
    20: 0000005a     0 NOTYPE  LOCAL  DEFAULT    1 lop_class_skill
    21: 00000064     0 NOTYPE  LOCAL  DEFAULT    1 DontStripAllegiance
    22: 00000074     0 NOTYPE  LOCAL  DEFAULT    1 continue_class_skill
    23: 00000078     0 NOTYPE  LOCAL  DEFAULT    1 yes_class_skill
    24: 000000bc     0 NOTYPE  LOCAL  DEFAULT    1 write_class_skill
    25: 00000092     0 NOTYPE  LOCAL  DEFAULT    1 enemy_check
    26: 000000a8     0 NOTYPE  LOCAL  DEFAULT    1 hard_mode_check
    27: 000000ba     0 NOTYPE  LOCAL  DEFAULT    1 custom_check
    28: 000000ce     0 NOTYPE  LOCAL  DEFAULT    1 $d
    29: 000000d0     0 NOTYPE  LOCAL  DEFAULT    1 $d
    30: 00000000     0 SECTION LOCAL  DEFAULT    6 
    31: 00000000     0 SECTION LOCAL  DEFAULT    8 
    32: 00000000     0 SECTION LOCAL  DEFAULT    4 
    33: 00000000     0 SECTION LOCAL  DEFAULT   11 
    34: 00000000     0 SECTION LOCAL  DEFAULT    9 
    35: 00000000     0 SECTION LOCAL  DEFAULT   12 
